{"level":"error","message":"error severe","service":"user-service"}
{
  message: 'error severe',
  level: 'error',
  service: 'user-service',
  timestamp: '2025-10-21T15:25:09.123Z'
}
{
  message: 'error severe',
  level: 'error',
  service: 'user-service',
  timestamp: '2025-10-21T15:26:30.956Z'
}
{
  message: 'this is a warn',
  level: 'warn',
  service: 'user-service',
  timestamp: '2025-10-21T15:26:30.965Z'
}
{
  message: 'today is diwali',
  level: 'info',
  service: 'user-service',
  timestamp: '2025-10-21T15:26:30.965Z'
}
